<?xml version="1.0" encoding="UTF-8"?>
<!-- Generated by org.testng.reporters.JUnitXMLReporter -->
<testsuite ignored="0" hostname="DESKTOP-7V8PP8U" failures="0" tests="3" name="BirstInforInterviewTask" time="54.303" errors="0" timestamp="2021-04-15T19:58:31 IST">
  <testcase classname="com.birst.infor.Tests.AutomationTask" name="vefiryGooglePageTitleAndClickingOnBirstInforLink" time="30.121"/>
  <testcase classname="com.birst.infor.Tests.AutomationTask" name="verifyInforLogoOnPage" time="5.349"/>
  <testcase classname="com.birst.infor.Tests.AutomationTask" name="verifyNavigateToResourcePageAndValidateWebinarText" time="18.75"/>
</testsuite> <!-- BirstInforInterviewTask -->
